build/app/intermediates/manifest_merge_blame_file/release/manifest-merger-blame-release-report.txt
1<?xml version="1.0" encoding="utf-8"?>
2<manifest xmlns:android="http://schemas.android.com/apk/res/android"
3    package="schooldynamics.ug"
4    android:versionCode="5"
5    android:versionName="1.0.0" >
6
7    <uses-sdk
8        android:minSdkVersion="21"
8-->src\main\AndroidManifest.xml
9        android:targetSdkVersion="31" />
9-->src\main\AndroidManifest.xml
10
11    <uses-permission android:name="android.permission.ACCESS_FINE_LOCATION" />
11-->src\main\AndroidManifest.xml:4:5-79
11-->src\main\AndroidManifest.xml:4:22-76
12    <uses-permission android:name="android.permission.ACCESS_COARSE_LOCATION" />
12-->src\main\AndroidManifest.xml:5:5-81
12-->src\main\AndroidManifest.xml:5:22-78
13    <uses-permission android:name="android.permission.INTERNET" />
13-->src\main\AndroidManifest.xml:6:5-67
13-->src\main\AndroidManifest.xml:6:22-64
14    <uses-permission android:name="android.permission.ACCESS_NETWORK_STATE" />
14-->src\main\AndroidManifest.xml:7:5-79
14-->src\main\AndroidManifest.xml:7:22-76
15
16    <queries>
16-->src\main\AndroidManifest.xml:10:5-21:15
17
18        <!-- If your app checks for SMS support -->
19        <intent>
19-->src\main\AndroidManifest.xml:12:9-15:18
20            <action android:name="android.intent.action.VIEW" />
20-->src\main\AndroidManifest.xml:13:13-65
20-->src\main\AndroidManifest.xml:13:21-62
21
22            <data android:scheme="sms" />
22-->src\main\AndroidManifest.xml:14:13-42
22-->src\main\AndroidManifest.xml:14:19-39
23        </intent>
24        <!-- If your app checks for call support -->
25        <intent>
25-->src\main\AndroidManifest.xml:17:9-20:18
26            <action android:name="android.intent.action.VIEW" />
26-->src\main\AndroidManifest.xml:13:13-65
26-->src\main\AndroidManifest.xml:13:21-62
27
28            <data android:scheme="tel" />
28-->src\main\AndroidManifest.xml:14:13-42
28-->src\main\AndroidManifest.xml:14:19-39
29        </intent>
30    </queries>
31
32    <uses-permission android:name="android.permission.WAKE_LOCK" /> <!-- Permissions options for the `notification` group -->
32-->[:firebase_messaging] AndroidManifest.xml:8:5-68
32-->[:firebase_messaging] AndroidManifest.xml:8:22-65
33    <uses-permission android:name="android.permission.POST_NOTIFICATIONS" />
33-->[:firebase_messaging] AndroidManifest.xml:11:5-77
33-->[:firebase_messaging] AndroidManifest.xml:11:22-74
34    <uses-permission android:name="android.permission.FOREGROUND_SERVICE" /> <!-- Create a unique permission for your app and use it so only your app can receive your OneSignal messages. -->
34-->[:geolocator_android] AndroidManifest.xml:7:5-77
34-->[:geolocator_android] AndroidManifest.xml:7:22-74
35    <permission
35-->[com.onesignal:OneSignal:4.8.2] AndroidManifest.xml:7:5-9:47
36        android:name="schooldynamics.ug.permission.C2D_MESSAGE"
36-->[com.onesignal:OneSignal:4.8.2] AndroidManifest.xml:8:9-63
37        android:protectionLevel="signature" />
37-->[com.onesignal:OneSignal:4.8.2] AndroidManifest.xml:9:9-44
38
39    <uses-permission android:name="schooldynamics.ug.permission.C2D_MESSAGE" /> <!-- c2dm RECEIVE are basic requirements for push messages through Google's FCM -->
39-->[com.onesignal:OneSignal:4.8.2] AndroidManifest.xml:11:5-79
39-->[com.onesignal:OneSignal:4.8.2] AndroidManifest.xml:11:22-76
40    <uses-permission android:name="com.google.android.c2dm.permission.RECEIVE" />
40-->[com.onesignal:OneSignal:4.8.2] AndroidManifest.xml:18:5-82
40-->[com.onesignal:OneSignal:4.8.2] AndroidManifest.xml:18:22-79
41    <!--
42 Required so the device vibrates on receiving a push notification.
43         Vibration settings of the device still apply.
44    -->
45    <uses-permission android:name="android.permission.VIBRATE" />
45-->[com.onesignal:OneSignal:4.8.2] AndroidManifest.xml:24:5-66
45-->[com.onesignal:OneSignal:4.8.2] AndroidManifest.xml:24:22-63
46    <!--
47 Use to restore notifications the user hasn't interacted with.
48         They could be missed notifications if the user reboots their device if this isn't in place.
49    -->
50    <uses-permission android:name="android.permission.RECEIVE_BOOT_COMPLETED" /> <!-- START: ShortcutBadger -->
50-->[com.onesignal:OneSignal:4.8.2] AndroidManifest.xml:30:5-81
50-->[com.onesignal:OneSignal:4.8.2] AndroidManifest.xml:30:22-78
51    <!-- Samsung -->
52    <uses-permission android:name="com.sec.android.provider.badge.permission.READ" />
52-->[com.onesignal:OneSignal:4.8.2] AndroidManifest.xml:32:5-86
52-->[com.onesignal:OneSignal:4.8.2] AndroidManifest.xml:32:22-83
53    <uses-permission android:name="com.sec.android.provider.badge.permission.WRITE" /> <!-- HTC -->
53-->[com.onesignal:OneSignal:4.8.2] AndroidManifest.xml:33:5-87
53-->[com.onesignal:OneSignal:4.8.2] AndroidManifest.xml:33:22-84
54    <uses-permission android:name="com.htc.launcher.permission.READ_SETTINGS" />
54-->[com.onesignal:OneSignal:4.8.2] AndroidManifest.xml:34:5-81
54-->[com.onesignal:OneSignal:4.8.2] AndroidManifest.xml:34:22-78
55    <uses-permission android:name="com.htc.launcher.permission.UPDATE_SHORTCUT" /> <!-- Sony -->
55-->[com.onesignal:OneSignal:4.8.2] AndroidManifest.xml:35:5-83
55-->[com.onesignal:OneSignal:4.8.2] AndroidManifest.xml:35:22-80
56    <uses-permission android:name="com.sonyericsson.home.permission.BROADCAST_BADGE" />
56-->[com.onesignal:OneSignal:4.8.2] AndroidManifest.xml:36:5-88
56-->[com.onesignal:OneSignal:4.8.2] AndroidManifest.xml:36:22-85
57    <uses-permission android:name="com.sonymobile.home.permission.PROVIDER_INSERT_BADGE" /> <!-- Apex -->
57-->[com.onesignal:OneSignal:4.8.2] AndroidManifest.xml:37:5-92
57-->[com.onesignal:OneSignal:4.8.2] AndroidManifest.xml:37:22-89
58    <uses-permission android:name="com.anddoes.launcher.permission.UPDATE_COUNT" /> <!-- Solid -->
58-->[com.onesignal:OneSignal:4.8.2] AndroidManifest.xml:38:5-84
58-->[com.onesignal:OneSignal:4.8.2] AndroidManifest.xml:38:22-81
59    <uses-permission android:name="com.majeur.launcher.permission.UPDATE_BADGE" /> <!-- Huawei -->
59-->[com.onesignal:OneSignal:4.8.2] AndroidManifest.xml:39:5-83
59-->[com.onesignal:OneSignal:4.8.2] AndroidManifest.xml:39:22-80
60    <uses-permission android:name="com.huawei.android.launcher.permission.CHANGE_BADGE" />
60-->[com.onesignal:OneSignal:4.8.2] AndroidManifest.xml:40:5-91
60-->[com.onesignal:OneSignal:4.8.2] AndroidManifest.xml:40:22-88
61    <uses-permission android:name="com.huawei.android.launcher.permission.READ_SETTINGS" />
61-->[com.onesignal:OneSignal:4.8.2] AndroidManifest.xml:41:5-92
61-->[com.onesignal:OneSignal:4.8.2] AndroidManifest.xml:41:22-89
62    <uses-permission android:name="com.huawei.android.launcher.permission.WRITE_SETTINGS" /> <!-- ZUK -->
62-->[com.onesignal:OneSignal:4.8.2] AndroidManifest.xml:42:5-93
62-->[com.onesignal:OneSignal:4.8.2] AndroidManifest.xml:42:22-90
63    <uses-permission android:name="android.permission.READ_APP_BADGE" /> <!-- OPPO -->
63-->[com.onesignal:OneSignal:4.8.2] AndroidManifest.xml:43:5-73
63-->[com.onesignal:OneSignal:4.8.2] AndroidManifest.xml:43:22-70
64    <uses-permission android:name="com.oppo.launcher.permission.READ_SETTINGS" />
64-->[com.onesignal:OneSignal:4.8.2] AndroidManifest.xml:44:5-82
64-->[com.onesignal:OneSignal:4.8.2] AndroidManifest.xml:44:22-79
65    <uses-permission android:name="com.oppo.launcher.permission.WRITE_SETTINGS" /> <!-- EvMe -->
65-->[com.onesignal:OneSignal:4.8.2] AndroidManifest.xml:45:5-83
65-->[com.onesignal:OneSignal:4.8.2] AndroidManifest.xml:45:22-80
66    <uses-permission android:name="me.everything.badger.permission.BADGE_COUNT_READ" />
66-->[com.onesignal:OneSignal:4.8.2] AndroidManifest.xml:46:5-88
66-->[com.onesignal:OneSignal:4.8.2] AndroidManifest.xml:46:22-85
67    <uses-permission android:name="me.everything.badger.permission.BADGE_COUNT_WRITE" />
67-->[com.onesignal:OneSignal:4.8.2] AndroidManifest.xml:47:5-89
67-->[com.onesignal:OneSignal:4.8.2] AndroidManifest.xml:47:22-86
68
69    <permission
69-->[androidx.core:core:1.9.0] AndroidManifest.xml:22:5-24:47
70        android:name="schooldynamics.ug.DYNAMIC_RECEIVER_NOT_EXPORTED_PERMISSION"
70-->[androidx.core:core:1.9.0] AndroidManifest.xml:23:9-81
71        android:protectionLevel="signature" />
71-->[androidx.core:core:1.9.0] AndroidManifest.xml:24:9-44
72
73    <uses-permission android:name="schooldynamics.ug.DYNAMIC_RECEIVER_NOT_EXPORTED_PERMISSION" />
73-->[androidx.core:core:1.9.0] AndroidManifest.xml:26:5-97
73-->[androidx.core:core:1.9.0] AndroidManifest.xml:26:22-94
74
75    <application
76        android:name="android.app.Application"
76-->src\main\AndroidManifest.xml:24:9-42
77        android:appComponentFactory="androidx.core.app.CoreComponentFactory"
77-->[androidx.core:core:1.9.0] AndroidManifest.xml:28:18-86
78        android:exported="true"
78-->src\main\AndroidManifest.xml:25:9-32
79        android:icon="@drawable/logo"
79-->src\main\AndroidManifest.xml:26:9-38
80        android:label="School Dynamics" >
80-->src\main\AndroidManifest.xml:27:9-40
81        <activity
81-->src\main\AndroidManifest.xml:28:9-47:20
82            android:name="schooldynamics.ug.MainActivity"
82-->src\main\AndroidManifest.xml:29:13-41
83            android:configChanges="orientation|keyboardHidden|keyboard|screenSize|smallestScreenSize|locale|layoutDirection|fontScale|screenLayout|density|uiMode"
83-->src\main\AndroidManifest.xml:30:13-163
84            android:exported="true"
84-->src\main\AndroidManifest.xml:31:13-36
85            android:hardwareAccelerated="true"
85-->src\main\AndroidManifest.xml:32:13-47
86            android:launchMode="singleTop"
86-->src\main\AndroidManifest.xml:33:13-43
87            android:theme="@style/LaunchTheme"
87-->src\main\AndroidManifest.xml:34:13-47
88            android:windowSoftInputMode="adjustResize" >
88-->src\main\AndroidManifest.xml:35:13-55
89
90            <!--
91                 Specifies an Android theme to apply to this Activity as soon as
92                 the Android process has started. This theme is visible to the user
93                 while the Flutter UI initializes. After that, this theme continues
94                 to determine the Window background behind the Flutter UI.
95            -->
96            <meta-data
96-->src\main\AndroidManifest.xml:40:13-42:57
97                android:name="io.flutter.embedding.android.NormalTheme"
97-->src\main\AndroidManifest.xml:41:17-72
98                android:resource="@style/NormalTheme" />
98-->src\main\AndroidManifest.xml:42:17-54
99
100            <intent-filter>
100-->src\main\AndroidManifest.xml:43:13-46:29
101                <action android:name="android.intent.action.MAIN" />
101-->src\main\AndroidManifest.xml:44:17-69
101-->src\main\AndroidManifest.xml:44:25-66
102
103                <category android:name="android.intent.category.LAUNCHER" />
103-->src\main\AndroidManifest.xml:45:17-77
103-->src\main\AndroidManifest.xml:45:27-74
104            </intent-filter>
105        </activity>
106        <!--
107             Don't delete the meta-data below.
108             This is used by the Flutter tool to generate GeneratedPluginRegistrant.java
109        -->
110        <meta-data
110-->src\main\AndroidManifest.xml:50:9-52:33
111            android:name="flutterEmbedding"
111-->src\main\AndroidManifest.xml:51:13-44
112            android:value="2" />
112-->src\main\AndroidManifest.xml:52:13-30
113
114        <service
114-->[:firebase_messaging] AndroidManifest.xml:14:9-17:72
115            android:name="io.flutter.plugins.firebase.messaging.FlutterFirebaseMessagingBackgroundService"
115-->[:firebase_messaging] AndroidManifest.xml:15:13-107
116            android:exported="false"
116-->[:firebase_messaging] AndroidManifest.xml:16:13-37
117            android:permission="android.permission.BIND_JOB_SERVICE" />
117-->[:firebase_messaging] AndroidManifest.xml:17:13-69
118        <service
118-->[:firebase_messaging] AndroidManifest.xml:18:9-24:19
119            android:name="io.flutter.plugins.firebase.messaging.FlutterFirebaseMessagingService"
119-->[:firebase_messaging] AndroidManifest.xml:19:13-97
120            android:exported="false" >
120-->[:firebase_messaging] AndroidManifest.xml:20:13-37
121            <intent-filter>
121-->[:firebase_messaging] AndroidManifest.xml:21:13-23:29
122                <action android:name="com.google.firebase.MESSAGING_EVENT" />
122-->[:firebase_messaging] AndroidManifest.xml:22:17-78
122-->[:firebase_messaging] AndroidManifest.xml:22:25-75
123            </intent-filter>
124        </service>
125
126        <receiver
126-->[:firebase_messaging] AndroidManifest.xml:26:9-33:20
127            android:name="io.flutter.plugins.firebase.messaging.FlutterFirebaseMessagingReceiver"
127-->[:firebase_messaging] AndroidManifest.xml:27:13-98
128            android:exported="true"
128-->[:firebase_messaging] AndroidManifest.xml:28:13-36
129            android:permission="com.google.android.c2dm.permission.SEND" >
129-->[:firebase_messaging] AndroidManifest.xml:29:13-73
130            <intent-filter>
130-->[:firebase_messaging] AndroidManifest.xml:30:13-32:29
131                <action android:name="com.google.android.c2dm.intent.RECEIVE" />
131-->[:firebase_messaging] AndroidManifest.xml:31:17-81
131-->[:firebase_messaging] AndroidManifest.xml:31:25-78
132            </intent-filter>
133        </receiver>
134
135        <service
135-->[:firebase_messaging] AndroidManifest.xml:35:9-39:19
136            android:name="com.google.firebase.components.ComponentDiscoveryService"
136-->[:firebase_messaging] AndroidManifest.xml:35:18-89
137            android:directBootAware="true"
137-->[com.google.firebase:firebase-common:20.3.0] AndroidManifest.xml:34:13-43
138            android:exported="false" >
138-->[com.google.firebase:firebase-messaging:23.1.1] AndroidManifest.xml:54:13-37
139            <meta-data
139-->[:firebase_messaging] AndroidManifest.xml:36:13-38:85
140                android:name="com.google.firebase.components:io.flutter.plugins.firebase.messaging.FlutterFirebaseAppRegistrar"
140-->[:firebase_messaging] AndroidManifest.xml:37:17-128
141                android:value="com.google.firebase.components.ComponentRegistrar" />
141-->[:firebase_messaging] AndroidManifest.xml:38:17-82
142            <meta-data
142-->[:firebase_core] AndroidManifest.xml:9:13-11:85
143                android:name="com.google.firebase.components:io.flutter.plugins.firebase.core.FlutterFirebaseCoreRegistrar"
143-->[:firebase_core] AndroidManifest.xml:10:17-124
144                android:value="com.google.firebase.components.ComponentRegistrar" />
144-->[:firebase_core] AndroidManifest.xml:11:17-82
145            <meta-data
145-->[com.google.firebase:firebase-messaging:23.1.1] AndroidManifest.xml:55:13-57:85
146                android:name="com.google.firebase.components:com.google.firebase.messaging.FirebaseMessagingRegistrar"
146-->[com.google.firebase:firebase-messaging:23.1.1] AndroidManifest.xml:56:17-119
147                android:value="com.google.firebase.components.ComponentRegistrar" />
147-->[com.google.firebase:firebase-messaging:23.1.1] AndroidManifest.xml:57:17-82
148            <meta-data
148-->[com.google.firebase:firebase-iid:21.1.0] AndroidManifest.xml:32:13-34:85
149                android:name="com.google.firebase.components:com.google.firebase.iid.Registrar"
149-->[com.google.firebase:firebase-iid:21.1.0] AndroidManifest.xml:33:17-96
150                android:value="com.google.firebase.components.ComponentRegistrar" />
150-->[com.google.firebase:firebase-iid:21.1.0] AndroidManifest.xml:34:17-82
151            <meta-data
151-->[com.google.firebase:firebase-installations:17.1.2] AndroidManifest.xml:17:13-19:85
152                android:name="com.google.firebase.components:com.google.firebase.installations.FirebaseInstallationsRegistrar"
152-->[com.google.firebase:firebase-installations:17.1.2] AndroidManifest.xml:18:17-127
153                android:value="com.google.firebase.components.ComponentRegistrar" />
153-->[com.google.firebase:firebase-installations:17.1.2] AndroidManifest.xml:19:17-82
154            <meta-data
154-->[com.google.firebase:firebase-datatransport:18.1.7] AndroidManifest.xml:27:13-29:85
155                android:name="com.google.firebase.components:com.google.firebase.datatransport.TransportRegistrar"
155-->[com.google.firebase:firebase-datatransport:18.1.7] AndroidManifest.xml:28:17-115
156                android:value="com.google.firebase.components.ComponentRegistrar" />
156-->[com.google.firebase:firebase-datatransport:18.1.7] AndroidManifest.xml:29:17-82
157        </service>
158
159        <provider
159-->[:firebase_messaging] AndroidManifest.xml:41:9-45:38
160            android:name="io.flutter.plugins.firebase.messaging.FlutterFirebaseMessagingInitProvider"
160-->[:firebase_messaging] AndroidManifest.xml:42:13-102
161            android:authorities="schooldynamics.ug.flutterfirebasemessaginginitprovider"
161-->[:firebase_messaging] AndroidManifest.xml:43:13-88
162            android:exported="false"
162-->[:firebase_messaging] AndroidManifest.xml:44:13-37
163            android:initOrder="99" />
163-->[:firebase_messaging] AndroidManifest.xml:45:13-35
164
165        <service
165-->[:geolocator_android] AndroidManifest.xml:10:9-14:56
166            android:name="com.baseflow.geolocator.GeolocatorLocationService"
166-->[:geolocator_android] AndroidManifest.xml:11:13-77
167            android:enabled="true"
167-->[:geolocator_android] AndroidManifest.xml:12:13-35
168            android:exported="false"
168-->[:geolocator_android] AndroidManifest.xml:13:13-37
169            android:foregroundServiceType="location" />
169-->[:geolocator_android] AndroidManifest.xml:14:13-53
170
171        <provider
171-->[:image_picker_android] AndroidManifest.xml:8:9-16:20
172            android:name="io.flutter.plugins.imagepicker.ImagePickerFileProvider"
172-->[:image_picker_android] AndroidManifest.xml:9:13-82
173            android:authorities="schooldynamics.ug.flutter.image_provider"
173-->[:image_picker_android] AndroidManifest.xml:10:13-74
174            android:exported="false"
174-->[:image_picker_android] AndroidManifest.xml:11:13-37
175            android:grantUriPermissions="true" >
175-->[:image_picker_android] AndroidManifest.xml:12:13-47
176            <meta-data
176-->[:image_picker_android] AndroidManifest.xml:13:13-15:75
177                android:name="android.support.FILE_PROVIDER_PATHS"
177-->[:image_picker_android] AndroidManifest.xml:14:17-67
178                android:resource="@xml/flutter_image_picker_file_paths" />
178-->[:image_picker_android] AndroidManifest.xml:15:17-72
179        </provider>
180
181        <activity
181-->[:url_launcher_android] AndroidManifest.xml:8:9-11:74
182            android:name="io.flutter.plugins.urllauncher.WebViewActivity"
182-->[:url_launcher_android] AndroidManifest.xml:9:13-74
183            android:exported="false"
183-->[:url_launcher_android] AndroidManifest.xml:10:13-37
184            android:theme="@android:style/Theme.NoTitleBar.Fullscreen" />
184-->[:url_launcher_android] AndroidManifest.xml:11:13-71
185
186        <receiver
186-->[com.onesignal:OneSignal:4.8.2] AndroidManifest.xml:50:9-61:20
187            android:name="com.onesignal.FCMBroadcastReceiver"
187-->[com.onesignal:OneSignal:4.8.2] AndroidManifest.xml:51:13-62
188            android:exported="true"
188-->[com.onesignal:OneSignal:4.8.2] AndroidManifest.xml:52:13-36
189            android:permission="com.google.android.c2dm.permission.SEND" >
189-->[com.onesignal:OneSignal:4.8.2] AndroidManifest.xml:53:13-73
190
191            <!-- High priority so OneSignal payloads can be filtered from other FCM receivers -->
192            <intent-filter android:priority="999" >
192-->[com.onesignal:OneSignal:4.8.2] AndroidManifest.xml:56:13-60:29
192-->[com.onesignal:OneSignal:4.8.2] AndroidManifest.xml:56:28-50
193                <action android:name="com.google.android.c2dm.intent.RECEIVE" />
193-->[:firebase_messaging] AndroidManifest.xml:31:17-81
193-->[:firebase_messaging] AndroidManifest.xml:31:25-78
194
195                <category android:name="schooldynamics.ug" />
195-->[com.onesignal:OneSignal:4.8.2] AndroidManifest.xml:59:17-61
195-->[com.onesignal:OneSignal:4.8.2] AndroidManifest.xml:59:27-58
196            </intent-filter>
197        </receiver>
198
199        <service
199-->[com.onesignal:OneSignal:4.8.2] AndroidManifest.xml:63:9-69:19
200            android:name="com.onesignal.HmsMessageServiceOneSignal"
200-->[com.onesignal:OneSignal:4.8.2] AndroidManifest.xml:64:13-68
201            android:exported="false" >
201-->[com.onesignal:OneSignal:4.8.2] AndroidManifest.xml:65:13-37
202            <intent-filter>
202-->[com.onesignal:OneSignal:4.8.2] AndroidManifest.xml:66:13-68:29
203                <action android:name="com.huawei.push.action.MESSAGING_EVENT" />
203-->[com.onesignal:OneSignal:4.8.2] AndroidManifest.xml:67:17-81
203-->[com.onesignal:OneSignal:4.8.2] AndroidManifest.xml:67:25-78
204            </intent-filter>
205        </service>
206
207        <activity
207-->[com.onesignal:OneSignal:4.8.2] AndroidManifest.xml:71:9-79:20
208            android:name="com.onesignal.NotificationOpenedActivityHMS"
208-->[com.onesignal:OneSignal:4.8.2] AndroidManifest.xml:72:13-71
209            android:exported="true"
209-->[com.onesignal:OneSignal:4.8.2] AndroidManifest.xml:73:13-36
210            android:noHistory="true"
210-->[com.onesignal:OneSignal:4.8.2] AndroidManifest.xml:74:13-37
211            android:theme="@android:style/Theme.Translucent.NoTitleBar" >
211-->[com.onesignal:OneSignal:4.8.2] AndroidManifest.xml:75:13-72
212            <intent-filter>
212-->[com.onesignal:OneSignal:4.8.2] AndroidManifest.xml:76:13-78:29
213                <action android:name="android.intent.action.VIEW" />
213-->src\main\AndroidManifest.xml:13:13-65
213-->src\main\AndroidManifest.xml:13:21-62
214            </intent-filter>
215        </activity>
216
217        <service
217-->[com.onesignal:OneSignal:4.8.2] AndroidManifest.xml:81:9-83:40
218            android:name="com.onesignal.FCMIntentService"
218-->[com.onesignal:OneSignal:4.8.2] AndroidManifest.xml:82:13-58
219            android:exported="false" />
219-->[com.onesignal:OneSignal:4.8.2] AndroidManifest.xml:83:13-37
220        <service
220-->[com.onesignal:OneSignal:4.8.2] AndroidManifest.xml:84:9-87:72
221            android:name="com.onesignal.FCMIntentJobService"
221-->[com.onesignal:OneSignal:4.8.2] AndroidManifest.xml:85:13-61
222            android:exported="false"
222-->[com.onesignal:OneSignal:4.8.2] AndroidManifest.xml:86:13-37
223            android:permission="android.permission.BIND_JOB_SERVICE" />
223-->[com.onesignal:OneSignal:4.8.2] AndroidManifest.xml:87:13-69
224        <service
224-->[com.onesignal:OneSignal:4.8.2] AndroidManifest.xml:88:9-91:43
225            android:name="com.onesignal.SyncService"
225-->[com.onesignal:OneSignal:4.8.2] AndroidManifest.xml:89:13-53
226            android:exported="false"
226-->[com.onesignal:OneSignal:4.8.2] AndroidManifest.xml:90:13-37
227            android:stopWithTask="true" />
227-->[com.onesignal:OneSignal:4.8.2] AndroidManifest.xml:91:13-40
228        <service
228-->[com.onesignal:OneSignal:4.8.2] AndroidManifest.xml:92:9-95:72
229            android:name="com.onesignal.SyncJobService"
229-->[com.onesignal:OneSignal:4.8.2] AndroidManifest.xml:93:13-56
230            android:exported="false"
230-->[com.onesignal:OneSignal:4.8.2] AndroidManifest.xml:94:13-37
231            android:permission="android.permission.BIND_JOB_SERVICE" />
231-->[com.onesignal:OneSignal:4.8.2] AndroidManifest.xml:95:13-69
232
233        <activity
233-->[com.onesignal:OneSignal:4.8.2] AndroidManifest.xml:97:9-100:75
234            android:name="com.onesignal.PermissionsActivity"
234-->[com.onesignal:OneSignal:4.8.2] AndroidManifest.xml:98:13-61
235            android:exported="false"
235-->[com.onesignal:OneSignal:4.8.2] AndroidManifest.xml:99:13-37
236            android:theme="@android:style/Theme.Translucent.NoTitleBar" />
236-->[com.onesignal:OneSignal:4.8.2] AndroidManifest.xml:100:13-72
237
238        <receiver
238-->[com.onesignal:OneSignal:4.8.2] AndroidManifest.xml:102:9-104:39
239            android:name="com.onesignal.NotificationDismissReceiver"
239-->[com.onesignal:OneSignal:4.8.2] AndroidManifest.xml:103:13-69
240            android:exported="true" />
240-->[com.onesignal:OneSignal:4.8.2] AndroidManifest.xml:104:13-36
241        <receiver
241-->[com.onesignal:OneSignal:4.8.2] AndroidManifest.xml:105:9-112:20
242            android:name="com.onesignal.BootUpReceiver"
242-->[com.onesignal:OneSignal:4.8.2] AndroidManifest.xml:106:13-56
243            android:exported="true" >
243-->[com.onesignal:OneSignal:4.8.2] AndroidManifest.xml:107:13-36
244            <intent-filter>
244-->[com.onesignal:OneSignal:4.8.2] AndroidManifest.xml:108:13-111:29
245                <action android:name="android.intent.action.BOOT_COMPLETED" />
245-->[com.onesignal:OneSignal:4.8.2] AndroidManifest.xml:109:17-79
245-->[com.onesignal:OneSignal:4.8.2] AndroidManifest.xml:109:25-76
246                <action android:name="android.intent.action.QUICKBOOT_POWERON" />
246-->[com.onesignal:OneSignal:4.8.2] AndroidManifest.xml:110:17-82
246-->[com.onesignal:OneSignal:4.8.2] AndroidManifest.xml:110:25-79
247            </intent-filter>
248        </receiver>
249        <receiver
249-->[com.onesignal:OneSignal:4.8.2] AndroidManifest.xml:113:9-119:20
250            android:name="com.onesignal.UpgradeReceiver"
250-->[com.onesignal:OneSignal:4.8.2] AndroidManifest.xml:114:13-57
251            android:exported="true" >
251-->[com.onesignal:OneSignal:4.8.2] AndroidManifest.xml:115:13-36
252            <intent-filter>
252-->[com.onesignal:OneSignal:4.8.2] AndroidManifest.xml:116:13-118:29
253                <action android:name="android.intent.action.MY_PACKAGE_REPLACED" />
253-->[com.onesignal:OneSignal:4.8.2] AndroidManifest.xml:117:17-84
253-->[com.onesignal:OneSignal:4.8.2] AndroidManifest.xml:117:25-81
254            </intent-filter>
255        </receiver>
256
257        <activity
257-->[com.onesignal:OneSignal:4.8.2] AndroidManifest.xml:121:9-127:75
258            android:name="com.onesignal.NotificationOpenedReceiver"
258-->[com.onesignal:OneSignal:4.8.2] AndroidManifest.xml:122:13-68
259            android:excludeFromRecents="true"
259-->[com.onesignal:OneSignal:4.8.2] AndroidManifest.xml:123:13-46
260            android:exported="true"
260-->[com.onesignal:OneSignal:4.8.2] AndroidManifest.xml:124:13-36
261            android:noHistory="true"
261-->[com.onesignal:OneSignal:4.8.2] AndroidManifest.xml:125:13-37
262            android:taskAffinity=""
262-->[com.onesignal:OneSignal:4.8.2] AndroidManifest.xml:126:13-36
263            android:theme="@android:style/Theme.Translucent.NoTitleBar" />
263-->[com.onesignal:OneSignal:4.8.2] AndroidManifest.xml:127:13-72
264        <activity
264-->[com.onesignal:OneSignal:4.8.2] AndroidManifest.xml:128:9-133:75
265            android:name="com.onesignal.NotificationOpenedReceiverAndroid22AndOlder"
265-->[com.onesignal:OneSignal:4.8.2] AndroidManifest.xml:129:13-85
266            android:excludeFromRecents="true"
266-->[com.onesignal:OneSignal:4.8.2] AndroidManifest.xml:130:13-46
267            android:exported="true"
267-->[com.onesignal:OneSignal:4.8.2] AndroidManifest.xml:131:13-36
268            android:noHistory="true"
268-->[com.onesignal:OneSignal:4.8.2] AndroidManifest.xml:132:13-37
269            android:theme="@android:style/Theme.Translucent.NoTitleBar" />
269-->[com.onesignal:OneSignal:4.8.2] AndroidManifest.xml:133:13-72
270
271        <uses-library
271-->[androidx.window:window:1.0.0-beta04] AndroidManifest.xml:25:9-27:40
272            android:name="androidx.window.extensions"
272-->[androidx.window:window:1.0.0-beta04] AndroidManifest.xml:26:13-54
273            android:required="false" />
273-->[androidx.window:window:1.0.0-beta04] AndroidManifest.xml:27:13-37
274        <uses-library
274-->[androidx.window:window:1.0.0-beta04] AndroidManifest.xml:28:9-30:40
275            android:name="androidx.window.sidecar"
275-->[androidx.window:window:1.0.0-beta04] AndroidManifest.xml:29:13-51
276            android:required="false" />
276-->[androidx.window:window:1.0.0-beta04] AndroidManifest.xml:30:13-37
277
278        <receiver
278-->[com.google.firebase:firebase-messaging:23.1.1] AndroidManifest.xml:31:9-38:20
279            android:name="com.google.firebase.iid.FirebaseInstanceIdReceiver"
279-->[com.google.firebase:firebase-messaging:23.1.1] AndroidManifest.xml:32:13-78
280            android:exported="true"
280-->[com.google.firebase:firebase-messaging:23.1.1] AndroidManifest.xml:33:13-36
281            android:permission="com.google.android.c2dm.permission.SEND" >
281-->[com.google.firebase:firebase-messaging:23.1.1] AndroidManifest.xml:34:13-73
282            <intent-filter>
282-->[:firebase_messaging] AndroidManifest.xml:30:13-32:29
283                <action android:name="com.google.android.c2dm.intent.RECEIVE" />
283-->[:firebase_messaging] AndroidManifest.xml:31:17-81
283-->[:firebase_messaging] AndroidManifest.xml:31:25-78
284            </intent-filter>
285        </receiver>
286        <!--
287             FirebaseMessagingService performs security checks at runtime,
288             but set to not exported to explicitly avoid allowing another app to call it.
289        -->
290        <service
290-->[com.google.firebase:firebase-messaging:23.1.1] AndroidManifest.xml:44:9-51:19
291            android:name="com.google.firebase.messaging.FirebaseMessagingService"
291-->[com.google.firebase:firebase-messaging:23.1.1] AndroidManifest.xml:45:13-82
292            android:directBootAware="true"
292-->[com.google.firebase:firebase-messaging:23.1.1] AndroidManifest.xml:46:13-43
293            android:exported="false" >